AV in nvcuda on Win10 amd64

System information

Have I written custom code (as opposed to using a stock example script provided in TensorFlow): example script startup
OS Platform and Distribution (e.g., Linux Ubuntu 16.04): Win10 amd64 10.0.16291.0
TensorFlow installed from (source or binary): binary
TensorFlow version (use command below): b'unknown' 1.3.0
Python version:  3.6.3
Bazel version (if compiling from source):
CUDA/cuDNN version: 8.0.61.2/6.0
GPU model and memory: nVidia 1080Ti
Exact command to reproduce:

import tensorflow as tf
hello = tf.constant('Hello, TensorFlow!')
sess = tf.Session()

Describe the problem
Access violation in nvcuda
Source code / logs
2017-10-15 22:51:24.306411: W C:\tf_jenkins\home\workspace\rel-win\M\windows-gpu\PY\36\tensorflow\core\platform\cpu_feature_guard.cc:45] The TensorFlow library wasn't compiled to use AVX instructions, but these are available on your machine and could speed up CPU computations.
2017-10-15 22:51:24.306463: W C:\tf_jenkins\home\workspace\rel-win\M\windows-gpu\PY\36\tensorflow\core\platform\cpu_feature_guard.cc:45] The TensorFlow library wasn't compiled to use AVX2 instructions, but these are available on your machine and could speed up CPU computations.

0:000> kn
 # Child-SP          RetAddr           Call Site
00 000000c2`28be6150 00007fff`ace93028 nvcuda!cuTexRefSetAddress+0x309622
01 000000c2`28be6180 00007fff`ace92ac2 nvcuda!cuTexRefSetAddress+0x1759ea
02 000000c2`28be61b0 00007fff`ad02abf2 nvcuda!cuTexRefSetAddress+0x175484
03 000000c2`28be6250 00007fff`ace950d6 nvcuda!cuTexRefSetAddress+0x30d5b4
04 000000c2`28beddd0 00007fff`ace5c2e0 nvcuda!cuTexRefSetAddress+0x177a98
05 000000c2`28bedee0 00007fff`ace5acfe nvcuda!cuTexRefSetAddress+0x13eca2
06 000000c2`28bedf10 00007fff`ace5aa77 nvcuda!cuTexRefSetAddress+0x13d6c0
07 000000c2`28bedf50 00007fff`acec6617 nvcuda!cuTexRefSetAddress+0x13d439
*** WARNING: Unable to verify checksum for C:\Python36\lib\site-packages\tensorflow\python\_pywrap_tensorflow_internal.pyd
*** ERROR: Symbol file could not be found.  Defaulted to export symbols for C:\Python36\lib\site-packages\tensorflow\python\_pywrap_tensorflow_internal.pyd - 
08 000000c2`28bedf80 00007fff`8d0e1b50 nvcuda!cuTexRefSetAddress+0x1a8fd9
09 000000c2`28bee040 00007fff`8d0e185e _pywrap_tensorflow_internal!perftools::gputools::port::InternalError+0xe0
0a 000000c2`28bee250 00007fff`8d0eebd4 _pywrap_tensorflow_internal!perftools::gputools::cuda::CUDADriver::Init+0x10e
0b 000000c2`28bee2a0 00007fff`8b6225d0 _pywrap_tensorflow_internal!perftools::gputools::cuda::CudaPlatform::VisibleDeviceCount+0x14
0c 000000c2`28bee2d0 00007fff`8b62043b _pywrap_tensorflow_internal!tensorflow::BaseGPUDeviceFactory::GetValidDeviceIds+0x120
0d 000000c2`28bee5f0 00007fff`8b51dd9c _pywrap_tensorflow_internal!tensorflow::BaseGPUDeviceFactory::CreateDevices+0x25b
0e 000000c2`28bee7a0 00007fff`8b8e96ee _pywrap_tensorflow_internal!tensorflow::DeviceFactory::AddDevices+0x24c
0f 000000c2`28bee880 00007fff`8b71742c _pywrap_tensorflow_internal!tensorflow::DirectSessionFactory::NewSession+0xae
10 000000c2`28beea30 00007fff`8b4c6d9f _pywrap_tensorflow_internal!tensorflow::NewSession+0x12c
11 000000c2`28beeb90 00007fff`8b4aa72b _pywrap_tensorflow_internal!TF_NewDeprecatedSession+0x1f
*** ERROR: Symbol file could not be found.  Defaulted to export symbols for C:\Python36\python36.dll - 
12 000000c2`28beebc0 00000000`604aad02 _pywrap_tensorflow_internal!tensorflow::Scope::status+0x138ab
13 000000c2`28beec10 00000000`604aa413 python36!PyCFunction_FastCallDict+0x182
14 000000c2`28beec90 00000000`604888d8 python36!PyObject_CallFunctionObjArgs+0x383
15 000000c2`28beed70 00000000`604ab284 python36!PyEval_EvalFrameDefault+0x3c8
16 000000c2`28beef00 00000000`604aa87f python36!Py_CheckFunctionResult+0x314
17 000000c2`28beefb0 00000000`6048a03c python36!PyObject_CallFunctionObjArgs+0x7ef
18 000000c2`28bef090 00000000`604ab284 python36!PyEval_EvalFrameDefault+0x1b2c
19 000000c2`28bef220 00000000`604a9f98 python36!Py_CheckFunctionResult+0x314
1a 000000c2`28bef2d0 00000000`604a9d65 python36!PyFunction_FastCallDict+0x1b8
1b 000000c2`28bef3a0 00000000`604ad33c python36!PyUnicode_Partition+0x745
1c 000000c2`28bef450 00000000`604ab067 python36!PyType_GenericAlloc+0x72c
1d 000000c2`28bef4d0 00000000`604aa76f python36!Py_CheckFunctionResult+0xf7
1e 000000c2`28bef500 00000000`604888d8 python36!PyObject_CallFunctionObjArgs+0x6df
1f 000000c2`28bef5e0 00000000`604ab284 python36!PyEval_EvalFrameDefault+0x3c8
20 000000c2`28bef770 00000000`604b5ee3 python36!Py_CheckFunctionResult+0x314
21 000000c2`28bef820 00000000`604b5e41 python36!PyEval_EvalCodeEx+0x9b
22 000000c2`28bef8b0 00000000`604b5deb python36!PyEval_EvalCode+0x2d
23 000000c2`28bef920 00000000`6060a864 python36!PyArena_Free+0xa7
24 000000c2`28bef960 00000000`6060a514 python36!PyRun_InteractiveOneObject+0x2b8
25 000000c2`28befa00 00000000`6060a279 python36!PyRun_InteractiveLoopFlags+0xe8
26 000000c2`28befa30 00000000`6055b0b0 python36!PyRun_AnyFileExFlags+0x45
27 000000c2`28befa60 00000000`604f9ea8 python36!Py_hashtable_size+0x5140
*** ERROR: Module load completed but symbols could not be loaded for C:\Python36\python.exe
28 000000c2`28befaa0 00000000`1cf8126d python36!Py_FatalError+0x2cb48
29 000000c2`28befba0 00007fff`fab71fe4 python+0x126d
2a 000000c2`28befbe0 00007fff`fc451eb1 KERNEL32!BaseThreadInitThunk+0x14
2b 000000c2`28befc10 00000000`00000000 ntdll!RtlUserThreadStart+0x21

0:000> r
rax=0000000000000000 rbx=00000223d1788910 rcx=00000223d1788910
rdx=0000000000000064 rsi=000000c228be61e8 rdi=00000000000003e7
rip=00007fffad026c60 rsp=000000c228be6150 rbp=0000000000000000
 r8=00000223be8a0f00  r9=0000000000008000 r10=00000223d04c0030
r11=0000000000000246 r12=0000000000000001 r13=000000005c000001
r14=000000c228be62e0 r15=0000000000000000
iopl=0         nv up ei pl nz na po nc
cs=0033  ss=002b  ds=002b  es=002b  fs=0053  gs=002b             efl=00010206
nvcuda!cuTexRefSetAddress+0x309622:
00007fff`ad026c60 488b5010        mov     rdx,qword ptr [rax+10h] ds:00000000`00000010=????????????????
0:000> ub
nvcuda!cuTexRefSetAddress+0x30960e:
00007fff`ad026c4c cc              int     3
00007fff`ad026c4d cc              int     3
00007fff`ad026c4e cc              int     3
00007fff`ad026c4f cc              int     3
00007fff`ad026c50 4053            push    rbx
00007fff`ad026c52 4883ec20        sub     rsp,20h
00007fff`ad026c56 488b81d81b0000  mov     rax,qword ptr [rcx+1BD8h]
00007fff`ad026c5d 488bd9          mov     rbx,rcx
0:000> u
nvcuda!cuTexRefSetAddress+0x309622:
00007fff`ad026c60 488b5010        mov     rdx,qword ptr [rax+10h]
00007fff`ad026c64 817a04d0070000  cmp     dword ptr [rdx+4],7D0h
00007fff`ad026c6b 7c11            jl      nvcuda!cuTexRefSetAddress+0x309640 (00007fff`ad026c7e)
00007fff`ad026c6d e89ec5ceff      call    nvcuda!cuTexRefDestroy+0x113 (00007fff`acd13210)
00007fff`ad026c72 84c0            test    al,al
00007fff`ad026c74 7408            je      nvcuda!cuTexRefSetAddress+0x309640 (00007fff`ad026c7e)
00007fff`ad026c76 488bcb          mov     rcx,rbx
00007fff`ad026c79 e837dfceff      call    nvcuda!cuTexRefSetFlags+0xc8 (00007fff`acd14bb5)
0:000> u
nvcuda!cuTexRefSetAddress+0x309640:
00007fff`ad026c7e 33c0            xor     eax,eax
00007fff`ad026c80 4883c420        add     rsp,20h
00007fff`ad026c84 5b              pop     rbx
00007fff`ad026c85 c3              ret
00007fff`ad026c86 cc              int     3
00007fff`ad026c87 cc              int     3
00007fff`ad026c88 cc              int     3
00007fff`ad026c89 cc              int     3